INFO 2022-07-27 10:56:09,294 autoreload 60288 4585803264 Watching for file changes with StatReloader
INFO 2022-07-27 10:56:56,953 basehttp 60288 123145449504768 "POST /login/ HTTP/1.1" 201 216
INFO 2022-07-27 10:56:57,295 basehttp 60288 123145466294272 "GET /media/perfil/IMG_20220609_120207.jpg HTTP/1.1" 200 2174352
INFO 2022-07-27 10:57:32,765 basehttp 60288 123145449504768 "OPTIONS /anamnesis/ HTTP/1.1" 200 0
INFO 2022-07-27 10:57:33,573 basehttp 60288 123145449504768 "GET /anamnesis/ HTTP/1.1" 200 1715
INFO 2022-07-27 10:57:37,081 basehttp 60288 123145449504768 "OPTIONS /users/ HTTP/1.1" 200 0
INFO 2022-07-27 10:57:37,177 basehttp 60288 123145449504768 "GET /users/ HTTP/1.1" 200 360
INFO 2022-07-27 10:58:39,411 basehttp 60288 123145449504768 "GET /anamnesis/ HTTP/1.1" 200 1715
INFO 2022-07-27 10:58:53,122 basehttp 60288 123145449504768 "OPTIONS /anamnesis/1/ HTTP/1.1" 200 0
INFO 2022-07-27 10:58:53,246 basehttp 60288 123145449504768 "GET /anamnesis/1/ HTTP/1.1" 200 939
INFO 2022-07-27 10:59:31,013 basehttp 60288 123145449504768 "GET /anamnesis/ HTTP/1.1" 200 1715
INFO 2022-07-27 10:59:53,269 basehttp 60288 123145449504768 "GET /anamnesis/1/ HTTP/1.1" 200 939
INFO 2022-07-27 10:59:55,962 basehttp 60288 123145449504768 "GET /anamnesis/ HTTP/1.1" 200 1715
INFO 2022-07-27 11:01:22,542 basehttp 60288 123145449504768 "GET /anamnesis/ HTTP/1.1" 200 1715
INFO 2022-07-27 11:07:32,730 basehttp 60288 123145449504768 "GET /anamnesis/ HTTP/1.1" 200 1715
INFO 2022-07-27 11:10:55,047 basehttp 60288 123145449504768 "GET /anamnesis/ HTTP/1.1" 200 1715
INFO 2022-07-27 11:12:34,947 basehttp 60288 123145449504768 "GET /anamnesis/ HTTP/1.1" 200 1715
WARNING 2022-07-27 11:12:38,627 basehttp 60288 123145449504768 "GET /users/ HTTP/1.1" 400 62
INFO 2022-07-27 11:12:38,791 basehttp 60288 123145449504768 "POST /refresh-token/ HTTP/1.1" 200 52
INFO 2022-07-27 11:12:38,880 basehttp 60288 123145449504768 "OPTIONS / HTTP/1.1" 200 0
WARNING 2022-07-27 11:12:39,036 basehttp 60288 123145449504768 "GET / HTTP/1.1" 404 3223
INFO 2022-07-27 11:12:40,105 basehttp 60288 123145449504768 "GET /anamnesis/ HTTP/1.1" 200 1715
INFO 2022-07-27 11:13:44,742 basehttp 60288 123145449504768 "GET /anamnesis/ HTTP/1.1" 200 1715
INFO 2022-07-27 11:15:45,120 basehttp 60288 123145449504768 "GET /anamnesis/ HTTP/1.1" 200 1715
INFO 2022-07-27 11:17:14,198 basehttp 60288 123145449504768 "GET /anamnesis/ HTTP/1.1" 200 1715
INFO 2022-07-27 11:17:48,704 basehttp 60288 123145449504768 "GET /anamnesis/ HTTP/1.1" 200 1715
INFO 2022-07-27 11:18:13,615 basehttp 60288 123145449504768 "GET /anamnesis/ HTTP/1.1" 200 1715
INFO 2022-07-27 11:19:14,870 basehttp 60288 123145449504768 "GET /anamnesis/ HTTP/1.1" 200 1715
INFO 2022-07-27 11:20:09,923 basehttp 60288 123145449504768 "GET /anamnesis/ HTTP/1.1" 200 1715
INFO 2022-07-27 11:21:49,248 basehttp 60288 123145449504768 "GET /anamnesis/ HTTP/1.1" 200 1715
INFO 2022-07-27 11:23:26,139 basehttp 60288 123145449504768 "GET /anamnesis/ HTTP/1.1" 200 1715
INFO 2022-07-27 11:24:08,592 basehttp 60288 123145449504768 "GET /anamnesis/ HTTP/1.1" 200 1715
INFO 2022-07-27 11:24:43,502 basehttp 60288 123145449504768 "GET /anamnesis/ HTTP/1.1" 200 1715
INFO 2022-07-27 11:26:42,854 basehttp 60288 123145449504768 "GET /anamnesis/ HTTP/1.1" 200 1715
INFO 2022-07-27 11:28:27,703 basehttp 60288 123145449504768 "GET /anamnesis/ HTTP/1.1" 200 1715
INFO 2022-07-27 11:28:52,245 basehttp 60288 123145449504768 "GET /anamnesis/ HTTP/1.1" 200 1715
INFO 2022-07-27 11:29:39,240 basehttp 60288 123145449504768 "GET /anamnesis/ HTTP/1.1" 200 1715
INFO 2022-07-27 11:29:47,266 basehttp 60288 123145449504768 "GET /anamnesis/ HTTP/1.1" 200 1715
INFO 2022-07-27 11:31:04,686 basehttp 60288 123145449504768 "GET /anamnesis/ HTTP/1.1" 200 1715
INFO 2022-07-27 11:33:24,847 basehttp 60288 123145449504768 "GET /anamnesis/ HTTP/1.1" 200 1715
INFO 2022-07-27 11:33:31,801 basehttp 60288 123145449504768 "GET /anamnesis/ HTTP/1.1" 200 1715
INFO 2022-07-27 11:33:36,401 basehttp 60288 123145449504768 "GET /anamnesis/ HTTP/1.1" 200 1715
INFO 2022-07-27 11:33:59,507 basehttp 60288 123145449504768 "GET /anamnesis/ HTTP/1.1" 200 1715
INFO 2022-07-27 11:34:29,595 basehttp 60288 123145449504768 "GET /anamnesis/ HTTP/1.1" 200 1715
INFO 2022-07-27 11:34:32,482 basehttp 60288 123145449504768 "GET /anamnesis/ HTTP/1.1" 200 1715
INFO 2022-07-27 11:34:36,318 basehttp 60288 123145449504768 "GET /anamnesis/ HTTP/1.1" 200 1715
INFO 2022-07-27 11:34:39,580 basehttp 60288 123145449504768 "GET /anamnesis/1/ HTTP/1.1" 200 939
INFO 2022-07-27 11:34:41,995 basehttp 60288 123145449504768 "GET /anamnesis/1/ HTTP/1.1" 200 939
INFO 2022-07-27 11:34:42,863 basehttp 60288 123145449504768 "GET /anamnesis/1/ HTTP/1.1" 200 939
INFO 2022-07-27 11:35:13,470 basehttp 60288 123145449504768 "GET /anamnesis/ HTTP/1.1" 200 1715
INFO 2022-07-27 11:35:14,691 basehttp 60288 123145449504768 "GET /anamnesis/1/ HTTP/1.1" 200 939
INFO 2022-07-27 11:35:56,489 basehttp 60288 123145449504768 "GET /anamnesis/ HTTP/1.1" 200 1715
INFO 2022-07-27 11:35:58,884 basehttp 60288 123145449504768 "GET /anamnesis/1/ HTTP/1.1" 200 939
INFO 2022-07-27 11:36:00,623 basehttp 60288 123145449504768 "GET /anamnesis/ HTTP/1.1" 200 1715
INFO 2022-07-27 11:36:01,938 basehttp 60288 123145449504768 "GET /anamnesis/1/ HTTP/1.1" 200 939
INFO 2022-07-27 11:36:04,142 basehttp 60288 123145449504768 "GET /anamnesis/ HTTP/1.1" 200 1715
INFO 2022-07-27 11:36:22,322 basehttp 60288 123145449504768 "OPTIONS /anamnesis/2/ HTTP/1.1" 200 0
INFO 2022-07-27 11:36:22,536 basehttp 60288 123145449504768 "GET /anamnesis/2/ HTTP/1.1" 200 773
INFO 2022-07-27 11:36:28,387 basehttp 60288 123145449504768 "GET /anamnesis/ HTTP/1.1" 200 1715
INFO 2022-07-27 11:38:22,251 basehttp 60288 123145449504768 "GET /anamnesis/ HTTP/1.1" 200 1715
INFO 2022-07-27 11:39:01,929 basehttp 60288 123145449504768 "GET /anamnesis/ HTTP/1.1" 200 1715
INFO 2022-07-27 11:39:14,927 basehttp 60288 123145449504768 "GET /anamnesis/1/ HTTP/1.1" 200 939
INFO 2022-07-27 11:39:15,470 basehttp 60288 123145449504768 "GET /anamnesis/ HTTP/1.1" 200 1715
INFO 2022-07-27 11:39:18,529 basehttp 60288 123145449504768 "GET /anamnesis/ HTTP/1.1" 200 1715
INFO 2022-07-27 11:42:22,725 basehttp 60288 123145449504768 "GET /anamnesis/ HTTP/1.1" 200 1715
INFO 2022-07-27 11:45:05,253 basehttp 60288 123145449504768 "GET /anamnesis/ HTTP/1.1" 200 1715
INFO 2022-07-27 11:45:19,142 basehttp 60288 123145449504768 "GET /anamnesis/ HTTP/1.1" 200 1715
WARNING 2022-07-27 11:48:53,917 basehttp 60288 123145466294272 "GET / HTTP/1.1" 404 3223
WARNING 2022-07-27 11:48:54,529 basehttp 60288 123145466294272 "GET /favicon.ico HTTP/1.1" 404 3274
INFO 2022-07-27 11:49:03,929 basehttp 60288 123145466294272 "GET /materials/ HTTP/1.1" 200 14060
INFO 2022-07-27 11:49:04,022 basehttp 60288 123145516662784 "GET /static/rest_framework/css/bootstrap-tweaks.css HTTP/1.1" 304 0
INFO 2022-07-27 11:49:04,029 basehttp 60288 123145533452288 "GET /static/rest_framework/css/prettify.css HTTP/1.1" 304 0
INFO 2022-07-27 11:49:04,033 basehttp 60288 123145516662784 "GET /static/rest_framework/js/ajax-form.js HTTP/1.1" 304 0
INFO 2022-07-27 11:49:04,036 basehttp 60288 123145499873280 "GET /static/rest_framework/js/bootstrap.min.js HTTP/1.1" 200 39680
INFO 2022-07-27 11:49:04,039 basehttp 60288 123145550241792 "GET /static/rest_framework/css/default.css HTTP/1.1" 304 0
INFO 2022-07-27 11:49:04,041 basehttp 60288 123145533452288 "GET /static/rest_framework/js/csrf.js HTTP/1.1" 304 0
INFO 2022-07-27 11:49:04,046 basehttp 60288 123145516662784 "GET /static/rest_framework/js/prettify-min.js HTTP/1.1" 304 0
INFO 2022-07-27 11:49:04,047 basehttp 60288 123145550241792 "GET /static/rest_framework/js/default.js HTTP/1.1" 304 0
INFO 2022-07-27 11:49:04,053 basehttp 60288 123145483083776 "GET /static/rest_framework/js/jquery-3.5.1.min.js HTTP/1.1" 200 89476
INFO 2022-07-27 11:49:04,064 basehttp 60288 123145466294272 "GET /static/rest_framework/css/bootstrap.min.css HTTP/1.1" 200 121457
INFO 2022-07-27 11:49:04,259 basehttp 60288 123145466294272 "GET /static/rest_framework/img/grid.png HTTP/1.1" 304 0
INFO 2022-07-27 11:49:29,973 basehttp 60288 123145466294272 "POST /materials/ HTTP/1.1" 201 14046
INFO 2022-07-27 11:49:33,569 basehttp 60288 123145466294272 "GET /materials/ HTTP/1.1" 200 14303
INFO 2022-07-27 11:53:08,968 basehttp 60288 123145449504768 "OPTIONS /material/ HTTP/1.1" 200 0
WARNING 2022-07-27 11:53:09,016 basehttp 60288 123145449504768 "GET /material/ HTTP/1.1" 404 3268
WARNING 2022-07-27 11:53:20,298 basehttp 60288 123145449504768 "GET /material/ HTTP/1.1" 404 3268
INFO 2022-07-27 11:53:35,369 basehttp 60288 123145449504768 "OPTIONS /materials/ HTTP/1.1" 200 0
INFO 2022-07-27 11:53:35,577 basehttp 60288 123145449504768 "GET /materials/ HTTP/1.1" 200 112
INFO 2022-07-27 11:54:21,348 basehttp 60288 123145466294272 "GET /media/perfil/IMG_20220609_120207.jpg HTTP/1.1" 200 2174352
INFO 2022-07-27 11:54:25,604 basehttp 60288 123145449504768 "GET /materials/ HTTP/1.1" 200 112
INFO 2022-07-27 11:54:47,062 basehttp 60288 123145449504768 "GET /materials/ HTTP/1.1" 200 112
INFO 2022-07-27 11:54:57,781 basehttp 60288 123145449504768 "GET /materials/ HTTP/1.1" 200 112
INFO 2022-07-27 11:55:49,043 basehttp 60288 123145449504768 "GET /materials/ HTTP/1.1" 200 112
INFO 2022-07-27 11:56:04,576 basehttp 60288 123145449504768 "GET /materials/ HTTP/1.1" 200 112
INFO 2022-07-27 11:56:08,358 basehttp 60288 123145449504768 "OPTIONS /materials/1/ HTTP/1.1" 200 0
INFO 2022-07-27 11:56:08,425 basehttp 60288 123145449504768 "GET /materials/1/ HTTP/1.1" 200 73
INFO 2022-07-27 11:56:41,647 basehttp 60288 123145449504768 "GET /materials/1/ HTTP/1.1" 200 73
INFO 2022-07-27 11:57:30,882 basehttp 60288 123145449504768 "GET /materials/ HTTP/1.1" 200 112
INFO 2022-07-27 11:57:43,474 basehttp 60288 123145449504768 "GET /materials/1/ HTTP/1.1" 200 73
INFO 2022-07-27 12:14:31,106 basehttp 60288 123145449504768 "GET /materials/ HTTP/1.1" 200 112
INFO 2022-07-27 12:14:32,898 basehttp 60288 123145449504768 "GET /materials/1/ HTTP/1.1" 200 73
INFO 2022-07-27 12:14:35,365 basehttp 60288 123145449504768 "GET /materials/ HTTP/1.1" 200 112
INFO 2022-07-27 12:14:46,066 basehttp 60288 123145449504768 "GET /materials/ HTTP/1.1" 200 112
INFO 2022-07-27 12:26:58,797 basehttp 60288 123145449504768 "GET /materials/ HTTP/1.1" 200 112
INFO 2022-07-27 12:28:47,873 basehttp 60288 123145449504768 "GET /materials/1/ HTTP/1.1" 200 73
WARNING 2022-07-27 12:32:06,526 basehttp 60288 123145466294272 "GET / HTTP/1.1" 404 3223
INFO 2022-07-27 12:32:15,051 basehttp 60288 123145466294272 "GET /materials/1/ HTTP/1.1" 200 15520
WARNING 2022-07-27 12:34:30,959 basehttp 60288 123145449504768 "GET /users/ HTTP/1.1" 400 62
INFO 2022-07-27 12:34:31,216 basehttp 60288 123145449504768 "POST /refresh-token/ HTTP/1.1" 200 52
WARNING 2022-07-27 12:34:31,263 basehttp 60288 123145449504768 "GET / HTTP/1.1" 404 3223
INFO 2022-07-27 12:35:13,220 basehttp 60288 123145449504768 "GET /materials/ HTTP/1.1" 200 112
INFO 2022-07-27 12:35:14,638 basehttp 60288 123145449504768 "GET /materials/1/ HTTP/1.1" 200 73
INFO 2022-07-27 12:35:23,535 basehttp 60288 123145449504768 "GET /users/ HTTP/1.1" 200 360
INFO 2022-07-27 12:35:28,256 basehttp 60288 123145449504768 "OPTIONS /users/4/ HTTP/1.1" 200 0
INFO 2022-07-27 12:35:28,368 basehttp 60288 123145449504768 "GET /users/4/ HTTP/1.1" 200 379
INFO 2022-07-27 12:35:31,022 basehttp 60288 123145449504768 "GET /materials/ HTTP/1.1" 200 112
INFO 2022-07-27 12:35:32,069 basehttp 60288 123145449504768 "GET /materials/1/ HTTP/1.1" 200 73
INFO 2022-07-27 12:35:37,397 basehttp 60288 123145449504768 "GET /users/ HTTP/1.1" 200 360
INFO 2022-07-27 12:35:38,885 basehttp 60288 123145449504768 "GET /users/4/ HTTP/1.1" 200 379
INFO 2022-07-27 12:35:55,254 basehttp 60288 123145449504768 "GET /materials/ HTTP/1.1" 200 112
INFO 2022-07-27 12:35:56,839 basehttp 60288 123145449504768 "GET /materials/1/ HTTP/1.1" 200 73
INFO 2022-07-27 12:38:03,994 basehttp 60288 123145449504768 "GET /materials/ HTTP/1.1" 200 112
INFO 2022-07-27 12:38:06,826 basehttp 60288 123145449504768 "GET /materials/1/ HTTP/1.1" 200 73
INFO 2022-07-27 12:38:39,882 basehttp 60288 123145449504768 "GET /materials/ HTTP/1.1" 200 112
INFO 2022-07-27 12:38:40,852 basehttp 60288 123145449504768 "GET /materials/1/ HTTP/1.1" 200 73
INFO 2022-07-27 12:41:19,651 basehttp 60288 123145449504768 "GET /materials/ HTTP/1.1" 200 112
INFO 2022-07-27 12:41:20,527 basehttp 60288 123145449504768 "GET /materials/1/ HTTP/1.1" 200 73
INFO 2022-07-27 12:47:19,829 basehttp 60288 123145449504768 "GET /materials/ HTTP/1.1" 200 112
INFO 2022-07-27 12:47:20,723 basehttp 60288 123145449504768 "GET /materials/1/ HTTP/1.1" 200 73
INFO 2022-07-27 12:53:04,530 basehttp 60288 123145449504768 "GET /materials/ HTTP/1.1" 200 112
INFO 2022-07-27 12:53:05,645 basehttp 60288 123145449504768 "GET /materials/1/ HTTP/1.1" 200 73
INFO 2022-07-27 12:53:15,064 basehttp 60288 123145449504768 "GET /materials/ HTTP/1.1" 200 112
INFO 2022-07-27 12:54:02,985 basehttp 60288 123145449504768 "GET /materials/ HTTP/1.1" 200 112
INFO 2022-07-27 12:54:27,434 basehttp 60288 123145449504768 "GET /materials/ HTTP/1.1" 200 112
INFO 2022-07-27 12:54:40,041 basehttp 60288 123145449504768 "GET /materials/ HTTP/1.1" 200 112
INFO 2022-07-27 12:54:40,913 basehttp 60288 123145449504768 "GET /materials/1/ HTTP/1.1" 200 73
INFO 2022-07-27 13:00:20,541 basehttp 60288 123145449504768 "GET /materials/ HTTP/1.1" 200 112
INFO 2022-07-27 13:00:21,484 basehttp 60288 123145449504768 "GET /materials/1/ HTTP/1.1" 200 73
INFO 2022-07-27 13:00:28,357 basehttp 60288 123145449504768 "PUT /materials/1/ HTTP/1.1" 200 49
INFO 2022-07-27 13:00:31,346 basehttp 60288 123145449504768 "GET /materials/ HTTP/1.1" 200 113
INFO 2022-07-27 13:00:32,807 basehttp 60288 123145449504768 "GET /materials/1/ HTTP/1.1" 200 74
INFO 2022-07-27 13:00:34,544 basehttp 60288 123145449504768 "GET /materials/ HTTP/1.1" 200 113
INFO 2022-07-27 13:00:45,612 basehttp 60288 123145449504768 "POST /materials/ HTTP/1.1" 201 44
INFO 2022-07-27 13:00:54,486 basehttp 60288 123145449504768 "POST /materials/ HTTP/1.1" 201 44
INFO 2022-07-27 13:01:10,807 basehttp 60288 123145449504768 "GET /materials/ HTTP/1.1" 200 251
INFO 2022-07-27 13:01:12,755 basehttp 60288 123145449504768 "OPTIONS /materials/3/ HTTP/1.1" 200 0
INFO 2022-07-27 13:01:12,838 basehttp 60288 123145449504768 "GET /materials/3/ HTTP/1.1" 200 71
INFO 2022-07-27 13:01:17,273 basehttp 60288 123145449504768 "DELETE /materials/3/ HTTP/1.1" 200 47
INFO 2022-07-27 13:01:53,876 basehttp 60288 123145449504768 "GET /materials/ HTTP/1.1" 200 182
INFO 2022-07-27 13:01:55,160 basehttp 60288 123145449504768 "OPTIONS /materials/2/ HTTP/1.1" 200 0
INFO 2022-07-27 13:01:55,294 basehttp 60288 123145449504768 "GET /materials/2/ HTTP/1.1" 200 71
INFO 2022-07-27 13:01:57,343 basehttp 60288 123145449504768 "DELETE /materials/2/ HTTP/1.1" 200 47
INFO 2022-07-27 13:01:57,487 basehttp 60288 123145449504768 "GET /materials/ HTTP/1.1" 200 113
INFO 2022-07-27 13:08:19,121 basehttp 60288 123145449504768 "GET /materials/ HTTP/1.1" 200 113
INFO 2022-07-27 13:08:37,913 basehttp 60288 123145449504768 "GET /materials/ HTTP/1.1" 200 113
WARNING 2022-07-27 13:10:41,928 basehttp 60288 123145466294272 "GET / HTTP/1.1" 404 3223
INFO 2022-07-27 13:12:31,458 basehttp 60288 123145449504768 "OPTIONS /promotions/ HTTP/1.1" 200 0
WARNING 2022-07-27 13:12:31,471 basehttp 60288 123145449504768 "GET /promotions/ HTTP/1.1" 404 3274
WARNING 2022-07-27 13:12:52,393 basehttp 60288 123145449504768 "GET /promotions/ HTTP/1.1" 404 3274
INFO 2022-07-27 13:59:15,835 autoreload 64378 4682178048 Watching for file changes with StatReloader
INFO 2022-07-27 14:00:01,194 autoreload 64378 4682178048 /Users/mizza/Desarrollo/python/servMed/glimpx/apps/promotions/admin.py changed, reloading.
INFO 2022-07-27 14:00:05,977 autoreload 64396 4541234688 Watching for file changes with StatReloader
INFO 2022-07-27 14:00:48,065 autoreload 64396 4541234688 /Users/mizza/Desarrollo/python/servMed/glimpx/apps/promotions/admin.py changed, reloading.
INFO 2022-07-27 14:00:50,796 autoreload 64442 4603076096 Watching for file changes with StatReloader
INFO 2022-07-27 14:00:55,697 basehttp 64442 123145378615296 "GET /admin/ HTTP/1.1" 302 0
INFO 2022-07-27 14:00:55,896 basehttp 64442 123145378615296 "GET /admin/login/?next=/admin/ HTTP/1.1" 200 2257
INFO 2022-07-27 14:00:56,289 basehttp 64442 123145378615296 "GET /static/admin/fonts/Roboto-Regular-webfont.woff HTTP/1.1" 200 85876
INFO 2022-07-27 14:00:56,291 basehttp 64442 123145395404800 "GET /static/admin/fonts/Roboto-Light-webfont.woff HTTP/1.1" 200 85692
INFO 2022-07-27 14:01:00,220 basehttp 64442 123145395404800 "POST /admin/login/?next=/admin/ HTTP/1.1" 302 0
INFO 2022-07-27 14:01:00,319 basehttp 64442 123145395404800 "GET /admin/ HTTP/1.1" 200 11741
INFO 2022-07-27 14:01:00,508 basehttp 64442 123145395404800 "GET /static/admin/fonts/Roboto-Bold-webfont.woff HTTP/1.1" 200 86184
INFO 2022-07-27 14:01:03,878 basehttp 64442 123145395404800 "GET /admin/promotions/promotion/ HTTP/1.1" 200 8602
INFO 2022-07-27 14:01:03,943 basehttp 64442 123145412194304 "GET /static/admin/js/vendor/xregexp/xregexp.js HTTP/1.1" 200 232381
INFO 2022-07-27 14:01:03,944 basehttp 64442 123145378615296 "GET /static/admin/js/vendor/jquery/jquery.js HTTP/1.1" 200 287630
INFO 2022-07-27 14:01:03,993 basehttp 64442 123145395404800 "GET /admin/jsi18n/ HTTP/1.1" 200 8435
INFO 2022-07-27 14:01:07,787 basehttp 64442 123145395404800 "GET /admin/promotions/promotion/add/ HTTP/1.1" 200 11898
INFO 2022-07-27 14:01:07,924 basehttp 64442 123145395404800 "GET /admin/jsi18n/ HTTP/1.1" 200 8435
INFO 2022-07-27 14:02:02,407 autoreload 64442 4603076096 /Users/mizza/Desarrollo/python/servMed/glimpx/apps/promotions/models.py changed, reloading.
INFO 2022-07-27 14:02:05,875 autoreload 64517 4460736000 Watching for file changes with StatReloader
INFO 2022-07-27 14:02:08,373 basehttp 64517 123145409400832 "GET /admin/promotions/promotion/add/ HTTP/1.1" 200 11888
INFO 2022-07-27 14:02:08,482 basehttp 64517 123145409400832 "GET /admin/jsi18n/ HTTP/1.1" 200 8435
INFO 2022-07-27 14:26:58,779 autoreload 64517 4460736000 /Users/mizza/Desarrollo/python/servMed/glimpx/apps/promotions/models.py changed, reloading.
INFO 2022-07-27 14:27:02,157 autoreload 65211 4734623232 Watching for file changes with StatReloader
INFO 2022-07-27 14:32:40,678 autoreload 65211 4734623232 /Users/mizza/Desarrollo/python/servMed/glimpx/glimpx/urls.py changed, reloading.
INFO 2022-07-27 14:32:44,055 autoreload 65595 4366360064 Watching for file changes with StatReloader
INFO 2022-07-27 14:33:26,853 autoreload 65595 4366360064 /Users/mizza/Desarrollo/python/servMed/glimpx/apps/promotions/api/api.py changed, reloading.
INFO 2022-07-27 14:33:29,871 autoreload 65642 4451810816 Watching for file changes with StatReloader
WARNING 2022-07-27 14:33:43,020 basehttp 65642 123145447370752 "GET / HTTP/1.1" 404 3334
INFO 2022-07-27 14:33:48,617 basehttp 65642 123145447370752 "GET /promotions HTTP/1.1" 301 0
ERROR 2022-07-27 14:33:54,052 basehttp 65642 123145447370752 "GET /promotions/ HTTP/1.1" 500 296597
INFO 2022-07-27 14:34:37,055 autoreload 65676 4700040704 Watching for file changes with StatReloader
INFO 2022-07-27 14:34:39,501 basehttp 65676 123145589530624 "GET /promotions/ HTTP/1.1" 200 14508
INFO 2022-07-27 14:37:11,440 basehttp 65676 123145589530624 "GET /admin/ HTTP/1.1" 200 11739
INFO 2022-07-27 14:37:12,032 basehttp 65676 123145589530624 "GET /admin/ HTTP/1.1" 200 11739
INFO 2022-07-27 14:37:14,529 basehttp 65676 123145589530624 "GET /admin/promotions/promotion/ HTTP/1.1" 200 8590
INFO 2022-07-27 14:37:14,640 basehttp 65676 123145589530624 "GET /admin/jsi18n/ HTTP/1.1" 200 8435
INFO 2022-07-27 14:37:16,814 basehttp 65676 123145589530624 "GET /admin/promotions/promotion/add/ HTTP/1.1" 200 11888
INFO 2022-07-27 14:37:16,928 basehttp 65676 123145589530624 "GET /admin/jsi18n/ HTTP/1.1" 200 8435
WARNING 2022-07-27 14:37:41,770 basehttp 65676 123145639899136 "POST /promotions/ HTTP/1.1" 400 230
INFO 2022-07-27 14:38:13,781 basehttp 65676 123145639899136 "POST /promotions/ HTTP/1.1" 201 45
INFO 2022-07-27 14:38:32,458 basehttp 65676 123145589530624 "GET /admin/promotions/promotion/ HTTP/1.1" 200 9780
INFO 2022-07-27 14:38:32,558 basehttp 65676 123145589530624 "GET /admin/jsi18n/ HTTP/1.1" 200 8435
INFO 2022-07-27 14:38:34,846 basehttp 65676 123145589530624 "GET /admin/promotions/promotion/1/change/ HTTP/1.1" 200 12310
INFO 2022-07-27 14:38:34,979 basehttp 65676 123145589530624 "GET /admin/jsi18n/ HTTP/1.1" 200 8435
INFO 2022-07-27 14:38:54,834 basehttp 65676 123145589530624 "GET /promotions/ HTTP/1.1" 200 14984
INFO 2022-07-27 14:39:02,097 basehttp 65676 123145589530624 "GET /promotions/1 HTTP/1.1" 301 0
ERROR 2022-07-27 14:39:07,245 basehttp 65676 123145589530624 "GET /promotions/1/ HTTP/1.1" 500 92504
INFO 2022-07-27 14:39:25,563 autoreload 65676 4700040704 /Users/mizza/Desarrollo/python/servMed/glimpx/apps/promotions/api/api.py changed, reloading.
INFO 2022-07-27 14:39:30,473 autoreload 65829 4480384512 Watching for file changes with StatReloader
INFO 2022-07-27 14:39:32,730 basehttp 65829 123145571315712 "GET /promotions/1/ HTTP/1.1" 200 16263
INFO 2022-07-27 14:49:58,448 autoreload 65829 4480384512 /Users/mizza/Desarrollo/python/servMed/glimpx/apps/promotions/api/serializaers.py changed, reloading.
INFO 2022-07-27 14:50:06,257 autoreload 66167 4487740928 Watching for file changes with StatReloader
ERROR 2022-07-27 14:50:13,816 basehttp 66167 123145545863168 "GET /promotions/1/ HTTP/1.1" 500 135161
INFO 2022-07-27 14:50:36,522 autoreload 66167 4487740928 /Users/mizza/Desarrollo/python/servMed/glimpx/apps/promotions/api/serializaers.py changed, reloading.
INFO 2022-07-27 14:50:40,437 autoreload 66198 4386258432 Watching for file changes with StatReloader
INFO 2022-07-27 14:50:43,854 basehttp 66198 123145364246528 "GET /promotions/1/ HTTP/1.1" 200 16293
INFO 2022-07-27 14:50:59,987 basehttp 66198 123145364246528 "GET /promotions/ HTTP/1.1" 200 14976
INFO 2022-07-27 14:51:09,681 basehttp 66198 123145364246528 "GET /media/promos/Imagen_2.png HTTP/1.1" 200 1280423
